\BOOKMARK [-1][-]{part.1}{I HTML}{}% 1
\BOOKMARK [0][-]{chapter.1}{What we're going to learn}{part.1}% 2
\BOOKMARK [0][-]{chapter.2}{Syllabus}{part.1}% 3
\BOOKMARK [1][-]{section.2.1}{Live on monday 1 june 2015 - 13:30 UTC - Course introduction and practical information}{chapter.2}% 4
\BOOKMARK [2][-]{subsection.2.1.1}{Week 1: HTML basics}{section.2.1}% 5
\BOOKMARK [1][-]{section.2.2}{Live on tuesday 9 june 2015 - 15:00 UTC}{chapter.2}% 6
\BOOKMARK [2][-]{subsection.2.2.1}{Week 2: HTML5 Multimedia}{section.2.2}% 7
\BOOKMARK [1][-]{section.2.3}{Live on tuesday 16 june 2015 - 15:00 UTC}{chapter.2}% 8
\BOOKMARK [2][-]{subsection.2.3.1}{Week 3: HTML5 Graphics}{section.2.3}% 9
\BOOKMARK [1][-]{section.2.4}{Live on tuesday 23 june 2015 - 15:00 UTC}{chapter.2}% 10
\BOOKMARK [2][-]{subsection.2.4.1}{Week 4: HTML5 Animations}{section.2.4}% 11
\BOOKMARK [1][-]{section.2.5}{Live on tuesday 30 june 2015 - 15:00 UTC}{chapter.2}% 12
\BOOKMARK [2][-]{subsection.2.5.1}{Week 5: HTML5 Forms}{section.2.5}% 13
\BOOKMARK [1][-]{section.2.6}{Live on tuesday 7 july 2015 - 15:00 UTC}{chapter.2}% 14
\BOOKMARK [2][-]{subsection.2.6.1}{Week 6: HTML5 Basic APIs}{section.2.6}% 15
\BOOKMARK [0][-]{chapter.3}{Lessons 1 - HTML Basics}{part.1}% 16
\BOOKMARK [1][-]{section.3.1}{Why accessibility is important}{chapter.3}% 17
\BOOKMARK [1][-]{section.3.2}{Character encoding}{chapter.3}% 18
\BOOKMARK [1][-]{section.3.3}{A minimal HTML5 document}{chapter.3}% 19
\BOOKMARK [1][-]{section.3.4}{Improvements towards simplicity}{chapter.3}% 20
\BOOKMARK [1][-]{section.3.5}{Basic structure}{chapter.3}% 21
\BOOKMARK [1][-]{section.3.6}{New tags}{chapter.3}% 22
\BOOKMARK [1][-]{section.3.7}{Best practices to use <section>, <article>, <nav>, <aside>}{chapter.3}% 23
\BOOKMARK [1][-]{section.3.8}{<main>}{chapter.3}% 24
\BOOKMARK [1][-]{section.3.9}{<details> and <summary>}{chapter.3}% 25
\BOOKMARK [0][-]{chapter.4}{Lesson 2 - Multimedia}{part.1}% 26
\BOOKMARK [1][-]{section.4.1}{Streaming multimedia content: the video and audio elements}{chapter.4}% 27
\BOOKMARK [2][-]{subsection.4.1.1}{<video>}{section.4.1}% 28
\BOOKMARK [2][-]{subsection.4.1.2}{<audio>}{section.4.1}% 29
\BOOKMARK [2][-]{subsection.4.1.3}{Styling <video> and <audio> with CSS3}{section.4.1}% 30
\BOOKMARK [2][-]{subsection.4.1.4}{Controlling audio and video with JS}{section.4.1}% 31
\BOOKMARK [1][-]{section.4.2}{Subtitles and Closed Captions}{chapter.4}% 32
\BOOKMARK [2][-]{subsection.4.2.1}{The <track> element}{section.4.2}% 33
\BOOKMARK [1][-]{section.4.3}{Enhanced HTML5 media players and frameworks}{chapter.4}% 34
\BOOKMARK [1][-]{section.4.4}{Webcam, microphone: the getUserMedia API}{chapter.4}% 35
\BOOKMARK [0][-]{chapter.5}{Lesson 3 - HTML Graphics}{part.1}% 36
\BOOKMARK [1][-]{section.5.1}{Video Introduction}{chapter.5}% 37
\BOOKMARK [1][-]{section.5.2}{Basics of HTML5 Canvas}{chapter.5}% 38
\BOOKMARK [2][-]{subsection.5.2.1}{Pixel-based / Vector-based}{section.5.2}% 39
\BOOKMARK [2][-]{subsection.5.2.2}{Canvas JS API}{section.5.2}% 40
\BOOKMARK [1][-]{section.5.3}{Immediate Drawing Mode: rectangles, text and images}{chapter.5}% 41
\BOOKMARK [1][-]{section.5.4}{Path Drawing Mode: lines, circles, arcs, curves and other path drawing methods}{chapter.5}% 42
\BOOKMARK [1][-]{section.5.5}{Colors, Gradients, Patterns, Shadows, etc.}{chapter.5}% 43
\BOOKMARK [2][-]{subsection.5.5.1}{Gradients}{section.5.5}% 44
\BOOKMARK [2][-]{subsection.5.5.2}{Patterns}{section.5.5}% 45
\BOOKMARK [1][-]{section.5.6}{Shadows}{chapter.5}% 46
\BOOKMARK [1][-]{section.5.7}{Styling Lines \(context properties\)}{chapter.5}% 47
\BOOKMARK [1][-]{section.5.8}{Drawing Tips - Recap}{chapter.5}% 48
\BOOKMARK [0][-]{chapter.6}{Lesson 4 - HTML5 Animations}{part.1}% 49
\BOOKMARK [1][-]{section.6.1}{Basic Animation Techniques}{chapter.6}% 50
\BOOKMARK [1][-]{section.6.2}{Canvas and User Interaction \(keyboard, mouse\)}{chapter.6}% 51
\BOOKMARK [2][-]{subsection.6.2.1}{Events}{section.6.2}% 52
\BOOKMARK [2][-]{subsection.6.2.2}{Getting the mouse coordinates relative to an element}{section.6.2}% 53
\BOOKMARK [2][-]{subsection.6.2.3}{Resizing a Canvas}{section.6.2}% 54
\BOOKMARK [0][-]{chapter.7}{Lesson 5 - HTML5 Forms}{part.1}% 55
\BOOKMARK [1][-]{section.7.1}{Introduction to HTML5 Forms}{chapter.7}% 56
\BOOKMARK [2][-]{subsection.7.1.1}{range}{section.7.1}% 57
\BOOKMARK [2][-]{subsection.7.1.2}{color}{section.7.1}% 58
\BOOKMARK [2][-]{subsection.7.1.3}{Dynamically creating GUI elements}{section.7.1}% 59
\BOOKMARK [2][-]{subsection.7.1.4}{Forms}{section.7.1}% 60
\BOOKMARK [1][-]{section.7.2}{Accessible Forms}{chapter.7}% 61
\BOOKMARK [1][-]{section.7.3}{New Input Types}{chapter.7}% 62
\BOOKMARK [2][-]{subsection.7.3.1}{input type=date}{section.7.3}% 63
\BOOKMARK [1][-]{section.7.4}{New Form Attributes}{chapter.7}% 64
\BOOKMARK [1][-]{section.7.5}{New Elements Related To Forms}{chapter.7}% 65
\BOOKMARK [1][-]{section.7.6}{Form Validation API}{chapter.7}% 66
\BOOKMARK [0][-]{chapter.8}{Lesson 6 - HTML5 Basic APIs}{part.1}% 67
\BOOKMARK [1][-]{section.8.1}{Introduction to HTML5 Apis}{chapter.8}% 68
\BOOKMARK [1][-]{section.8.2}{HTML5 Cache}{chapter.8}% 69
\BOOKMARK [2][-]{subsection.8.2.1}{How to exclude certain files}{section.8.2}% 70
\BOOKMARK [2][-]{subsection.8.2.2}{Updating the cache}{section.8.2}% 71
\BOOKMARK [1][-]{section.8.3}{The Web Storage API}{chapter.8}% 72
\BOOKMARK [2][-]{subsection.8.3.1}{Iterating a localStorage}{section.8.3}% 73
\BOOKMARK [1][-]{section.8.4}{The File API}{chapter.8}% 74
\BOOKMARK [2][-]{subsection.8.4.1}{Metadata of files}{section.8.4}% 75
\BOOKMARK [2][-]{subsection.8.4.2}{New interfaces - File API}{section.8.4}% 76
\BOOKMARK [2][-]{subsection.8.4.3}{How to read the content of a File}{section.8.4}% 77
\BOOKMARK [2][-]{subsection.8.4.4}{readAsArrayBuffer\(\)}{section.8.4}% 78
\BOOKMARK [2][-]{subsection.8.4.5}{readAsDataURL\(\)}{section.8.4}% 79
\BOOKMARK [1][-]{section.8.5}{The Geolocation API}{chapter.8}% 80
\BOOKMARK [2][-]{subsection.8.5.1}{Properties of the coords object}{section.8.5}% 81
\BOOKMARK [2][-]{subsection.8.5.2}{The watchPosition\(\) method}{section.8.5}% 82
\BOOKMARK [0][-]{chapter.9}{Tags}{part.1}% 83
\BOOKMARK [1][-]{section.9.1}{<time>}{chapter.9}% 84
\BOOKMARK [1][-]{section.9.2}{<mark>}{chapter.9}% 85
\BOOKMARK [1][-]{section.9.3}{<figure>}{chapter.9}% 86
\BOOKMARK [1][-]{section.9.4}{<code>}{chapter.9}% 87
\BOOKMARK [0][-]{chapter.10}{Tricks}{part.1}% 88
\BOOKMARK [0][-]{chapter.11}{Tips}{part.1}% 89
\BOOKMARK [0][-]{chapter.12}{Microdata}{part.1}% 90
\BOOKMARK [0][-]{chapter.13}{New Features}{part.1}% 91
\BOOKMARK [0][-]{chapter.14}{Misc}{part.1}% 92
\BOOKMARK [1][-]{section.14.1}{Jargon}{chapter.14}% 93
\BOOKMARK [1][-]{section.14.2}{HTTP Request}{chapter.14}% 94
\BOOKMARK [1][-]{section.14.3}{Do Not Translate!}{chapter.14}% 95
\BOOKMARK [1][-]{section.14.4}{Callback vs. Fallback}{chapter.14}% 96
\BOOKMARK [-1][-]{part.2}{II Beyond HTML}{}% 97
\BOOKMARK [0][-]{chapter.15}{JavaScript}{part.2}% 98
\BOOKMARK [1][-]{section.15.1}{Methods}{chapter.15}% 99
\BOOKMARK [1][-]{section.15.2}{JS Misc}{chapter.15}% 100
\BOOKMARK [0][-]{chapter.16}{CSS}{part.2}% 101
\BOOKMARK [1][-]{section.16.1}{How to reference elements, ids, classes - selectors}{chapter.16}% 102
